Arguments: 
  C:\Program Files\nodejs\node.exe C:\Users\i\AppData\Roaming\npm\node_modules\yarn\bin\yarn.js test

PATH: 
  C:\Program Files (x86)\Google\Chrome\Application;C:\WINDOWS\system32;C:\WINDOWS;C:\WINDOWS\System32\Wbem;C:\WINDOWS\System32\WindowsPowerShell\v1.0\;C:\Program Files\Git\cmd;C:\Program Files\nodejs\;C:\WINDOWS\System32\OpenSSH\;C:\Users\i\AppData\Local\Microsoft\WindowsApps;C:\Users\i\AppData\Roaming\npm;

Yarn version: 
  1.5.1

Node version: 
  8.9.3

Platform: 
  win32 x64

npm manifest: 
  {
  	"name"      : "ffxiv-timeline",
  	"version"   : "1.0.0",
  	"repository": "git@github.com:canisminor1990/ffxiv-timeline.git",
  	"author"    : "canisminor1990 <i@canisminor.cc>",
  	"license"   : "MIT",
  	"scripts"   : {
  		"test": "yarn xml && yarn cshtml",
  		"xml": "copy %cd%\\*.xml %cd%\\..\\ACT一键整合2\\Plugin\\ACT.Hojoring\\resources\\时间轴文件",
  		"cshtml": "copy %cd%\\*.cshtml %cd%\\..\\ACT一键整合2\\Plugin\\ACT.Hojoring\\resources\\时间轴文件"
  	}
  }

yarn manifest: 
  No manifest

Lockfile: 
  No lockfile

Trace: 
  Error: Command failed.
  Exit code: 1
  Command: C:\WINDOWS\system32\cmd.exe
  Arguments: /d /s /c yarn xml && yarn cshtml
  Directory: G:\FF14\ffxiv-timeline
  Output:
  
      at ProcessTermError.MessageError (C:\Users\i\AppData\Roaming\npm\node_modules\yarn\lib\cli.js:186:110)
      at new ProcessTermError (C:\Users\i\AppData\Roaming\npm\node_modules\yarn\lib\cli.js:226:113)
      at ChildProcess.<anonymous> (C:\Users\i\AppData\Roaming\npm\node_modules\yarn\lib\cli.js:30281:17)
      at emitTwo (events.js:126:13)
      at ChildProcess.emit (events.js:214:7)
      at maybeClose (internal/child_process.js:925:16)
      at Process.ChildProcess._handle.onexit (internal/child_process.js:209:5)
