[10:03:47.000] 00:0039:戦闘開始まで5秒！
[10:03:52.000] 00:0039:戦闘開始！
[10:03:52.000] 00:0044:オオオオオ……この衝動、もはや止められん！
[10:03:58.000] 00:282b:白虎は「風雷波動」を唱えた。
[10:04:02.000] 00:282b:白虎の「風雷波動」
[10:04:04.000] 00:282b:白虎は「天雷掌」の構え。
[10:04:09.000] 00:282b:白虎の「天雷掌」
[10:04:14.000] 00:282b:白虎は「呪縛雷」の構え。
[10:04:19.000] 00:282b:白虎の「呪縛雷」
[10:04:19.000] 00:0044:捉えたぞ！　叩きのめしてくれるわ！
[10:04:21.141] 1B:99999999:Hojo Ring:0000:0000:003E:0000:0000:0000:
[10:04:21.000] 00:282b:白虎は「乾坤一擲」の構え。
[10:04:29.000] 00:282b:白虎の「呪縛雷」
[10:04:29.000] 00:0044:まだだッ！　これで終いと思うなよ！
[10:04:31.322] 1B:99999999:Hojo Ring:0000:0000:003E:0000:0000:0000:
[10:04:31.000] 00:282b:白虎は「乾坤一擲」の構え。
[10:04:46.000] 00:0044:吹けよ、荒れよ、我がアラミタマ！
[10:04:47.000] 00:282b:白虎は「無間地獄」の構え。
[10:04:51.000] 00:282b:白虎の「無間地獄」
[10:04:52.000] 00:282b:白虎は「風雷波動」を唱えた。
[10:04:53.281] 03:Added new combatant 荒弾.  Job: 0 Level: 70 Max HP: 57250 Max MP: 12000.
[10:04:53.281] 03:Added new combatant 荒弾.  Job: 0 Level: 70 Max HP: 57250 Max MP: 12000.
[10:04:53.281] 03:Added new combatant 荒弾.  Job: 0 Level: 70 Max HP: 57250 Max MP: 12000.
[10:04:55.293] 03:Added new combatant 荒弾.  Job: 0 Level: 70 Max HP: 57250 Max MP: 12000.
[10:04:55.293] 03:Added new combatant 荒弾.  Job: 0 Level: 70 Max HP: 57250 Max MP: 12000.
[10:04:55.293] 03:Added new combatant 荒弾.  Job: 0 Level: 70 Max HP: 57250 Max MP: 12000.
[10:04:57.068] 03:Added new combatant 荒弾.  Job: 0 Level: 70 Max HP: 57250 Max MP: 12000.
[10:04:57.068] 03:Added new combatant 荒弾.  Job: 0 Level: 70 Max HP: 57250 Max MP: 12000.
[10:04:57.068] 03:Added new combatant 荒弾.  Job: 0 Level: 70 Max HP: 57250 Max MP: 12000.
[10:04:57.000] 00:282b:白虎の「風雷波動」
[10:04:59.156] 03:Added new combatant 荒弾.  Job: 0 Level: 70 Max HP: 57250 Max MP: 12000.
[10:04:59.156] 03:Added new combatant 荒弾.  Job: 0 Level: 70 Max HP: 57250 Max MP: 12000.
[10:04:59.156] 03:Added new combatant 荒弾.  Job: 0 Level: 70 Max HP: 57250 Max MP: 12000.
[10:04:59.000] 00:282b:白虎の「祟り風」
[10:05:01.278] 03:Added new combatant 荒弾.  Job: 0 Level: 70 Max HP: 57250 Max MP: 12000.
[10:05:01.278] 03:Added new combatant 荒弾.  Job: 0 Level: 70 Max HP: 57250 Max MP: 12000.
[10:05:01.278] 03:Added new combatant 荒弾.  Job: 0 Level: 70 Max HP: 57250 Max MP: 12000.
[10:05:03.316] 03:Added new combatant 荒弾.  Job: 0 Level: 70 Max HP: 57250 Max MP: 12000.
[10:05:03.316] 03:Added new combatant 荒弾.  Job: 0 Level: 70 Max HP: 57250 Max MP: 12000.
[10:05:03.316] 03:Added new combatant 荒弾.  Job: 0 Level: 70 Max HP: 57250 Max MP: 12000.
[10:05:04.000] 00:282b:白虎は「雷火一閃」を唱えた。
[10:05:05.349] 03:Added new combatant 荒弾.  Job: 0 Level: 70 Max HP: 57250 Max MP: 12000.
[10:05:05.349] 03:Added new combatant 荒弾.  Job: 0 Level: 70 Max HP: 57250 Max MP: 12000.
[10:05:05.349] 03:Added new combatant 荒弾.  Job: 0 Level: 70 Max HP: 57250 Max MP: 12000.
[10:05:07.437] 03:Added new combatant 荒弾.  Job: 0 Level: 70 Max HP: 57250 Max MP: 12000.
[10:05:07.437] 03:Added new combatant 荒弾.  Job: 0 Level: 70 Max HP: 57250 Max MP: 12000.
[10:05:07.437] 03:Added new combatant 荒弾.  Job: 0 Level: 70 Max HP: 57250 Max MP: 12000.
[10:05:09.000] 00:282b:白虎の「雷火一閃」
[10:05:09.402] 03:Added new combatant 荒弾.  Job: 0 Level: 70 Max HP: 57250 Max MP: 12000.
[10:05:09.402] 03:Added new combatant 荒弾.  Job: 0 Level: 70 Max HP: 57250 Max MP: 12000.
[10:05:09.402] 03:Added new combatant 荒弾.  Job: 0 Level: 70 Max HP: 57250 Max MP: 12000.
[10:05:11.458] 03:Added new combatant 荒弾.  Job: 0 Level: 70 Max HP: 57250 Max MP: 12000.
[10:05:11.458] 03:Added new combatant 荒弾.  Job: 0 Level: 70 Max HP: 57250 Max MP: 12000.
[10:05:11.458] 03:Added new combatant 荒弾.  Job: 0 Level: 70 Max HP: 57250 Max MP: 12000.
[10:05:13.075] 03:Added new combatant 荒弾.  Job: 0 Level: 70 Max HP: 57250 Max MP: 12000.
[10:05:13.075] 03:Added new combatant 荒弾.  Job: 0 Level: 70 Max HP: 57250 Max MP: 12000.
[10:05:13.075] 03:Added new combatant 荒弾.  Job: 0 Level: 70 Max HP: 57250 Max MP: 12000.
[10:05:15.042] 03:Added new combatant 荒弾.  Job: 0 Level: 70 Max HP: 57250 Max MP: 12000.
[10:05:15.042] 03:Added new combatant 荒弾.  Job: 0 Level: 70 Max HP: 57250 Max MP: 12000.
[10:05:15.042] 03:Added new combatant 荒弾.  Job: 0 Level: 70 Max HP: 57250 Max MP: 12000.
[10:05:18.000] 00:0044:駆けろ、我が半身ッ！ 歯向かう者どもに、牙と爪を突き立ててやれ！
[10:05:20.000] 00:282b:白虎の「半獣舞踏」
[10:05:30.000] 00:282b:白虎は「風雷波動」を唱えた。
[10:05:35.000] 00:282b:白虎の「風雷波動」
[10:05:35.000] 00:282b:白帝の「鉄爪斬」
[10:05:40.000] 00:282b:白虎は「天雷掌」の構え。
[10:05:41.000] 00:282b:白帝の「鉄爪斬」
[10:05:45.000] 00:282b:白虎の「天雷掌」
[10:05:51.000] 00:282b:白虎は「遠雷」を唱えた。
[10:05:54.000] 00:282b:白帝の「白帝衝」
[10:05:55.000] 00:282b:白帝は「雷火一閃」を唱えた。
[10:05:56.000] 00:282b:白虎の「遠雷」
[10:06:00.000] 00:282b:白虎は「風雷波動」を唱えた。
[10:06:00.000] 00:282b:白帝の「雷火一閃」
[10:06:04.000] 00:282b:白虎の「風雷波動」
[10:06:08.000] 00:282b:白帝の「雷声」
[10:06:10.000] 00:282b:白帝は「雷轟」の構え。
[10:06:11.003] 03:Added new combatant 荒魂.  Job: 0 Level: 70 Max HP: 57250 Max MP: 12000.
[10:06:11.003] 03:Added new combatant 荒魂.  Job: 0 Level: 70 Max HP: 57250 Max MP: 12000.
[10:06:11.003] 03:Added new combatant 荒魂.  Job: 0 Level: 70 Max HP: 57250 Max MP: 12000.
[10:06:11.003] 03:Added new combatant 荒魂.  Job: 0 Level: 70 Max HP: 57250 Max MP: 12000.
[10:06:11.003] 03:Added new combatant 荒魂.  Job: 0 Level: 70 Max HP: 57250 Max MP: 12000.
[10:06:11.003] 03:Added new combatant 荒魂.  Job: 0 Level: 70 Max HP: 57250 Max MP: 12000.
[10:06:11.003] 03:Added new combatant 荒魂.  Job: 0 Level: 70 Max HP: 57250 Max MP: 12000.
[10:06:11.003] 03:Added new combatant 荒魂.  Job: 0 Level: 70 Max HP: 57250 Max MP: 12000.
[10:06:31.000] 00:282b:白帝の「雷轟」
[10:06:33.000] 00:0044:震天動地の力を、見せてやろうッ！
[10:06:38.000] 00:0044:これぞ、アラミタマよ！
[10:06:58.000] 00:0044:我が憤怒は、無間の矢の如く……逃れてみせよ！
[10:07:14.104] 03:Added new combatant 白帝.  Job: 0 Level: 70 Max HP: 57250 Max MP: 12000.
[10:07:26.063] 03:Added new combatant 白帝.  Job: 0 Level: 70 Max HP: 57250 Max MP: 12000.
[10:07:42.923] 03:Added new combatant 白帝.  Job: 0 Level: 70 Max HP: 57250 Max MP: 12000.
[10:07:50.000] 00:0044:さあ、余興は終いぞ！
[10:08:10.000] 00:0044:塵芥と消えるがよい！
[10:08:20.000] 00:0044:ほう……凌いで見せたか…… ならば、全力を以て応えよう！
[10:08:30.000] 00:282b:白虎は「天雷掌」の構え。
[10:08:35.000] 00:282b:白虎の「天雷掌」
[10:08:40.000] 00:0044:天つ雷よ、焼き払え！
[10:08:41.000] 00:282b:白虎の「天つ雷」
[10:08:42.000] 00:282b:白虎は「呪縛雷」の構え。
[10:08:47.000] 00:282b:白虎の「呪縛雷」
[10:08:47.000] 00:0044:捉えたぞ！　叩きのめしてくれるわ！
[10:08:49.391] 1B:99999999:Hojo Ring:0000:0000:003E:0000:0000:0000:
[10:08:49.000] 00:282b:白虎は「乾坤一擲」の構え。
[10:08:57.000] 00:282b:白虎の「呪縛雷」
[10:08:58.000] 00:0044:まだだッ！　これで終いと思うなよ！
[10:08:59.498] 1B:99999999:Hojo Ring:0000:0000:003E:0000:0000:0000:
[10:08:59.000] 00:282b:白虎は「乾坤一擲」の構え。
[10:09:06.000] 00:282b:白虎は「旋体脚」の構え。
[10:09:11.000] 00:282b:白虎の「旋体脚」
[10:09:20.000] 00:0044:吹けよ、荒れよ、我がアラミタマ！
[10:09:22.000] 00:282b:白虎は「無間地獄」の構え。
[10:09:25.000] 00:282b:白虎の「無間地獄」
[10:09:27.000] 00:282b:白虎は「風雷波動」を唱えた。
[10:09:27.483] 03:Added new combatant 荒弾.  Job: 0 Level: 70 Max HP: 57250 Max MP: 12000.
[10:09:27.483] 03:Added new combatant 荒弾.  Job: 0 Level: 70 Max HP: 57250 Max MP: 12000.
[10:09:27.483] 03:Added new combatant 荒弾.  Job: 0 Level: 70 Max HP: 57250 Max MP: 12000.
[10:09:27.483] 03:Added new combatant 荒弾.  Job: 0 Level: 70 Max HP: 57250 Max MP: 12000.
[10:09:29.291] 03:Added new combatant 荒弾.  Job: 0 Level: 70 Max HP: 57250 Max MP: 12000.
[10:09:29.291] 03:Added new combatant 荒弾.  Job: 0 Level: 70 Max HP: 57250 Max MP: 12000.
[10:09:29.291] 03:Added new combatant 荒弾.  Job: 0 Level: 70 Max HP: 57250 Max MP: 12000.
[10:09:29.291] 03:Added new combatant 荒弾.  Job: 0 Level: 70 Max HP: 57250 Max MP: 12000.
[10:09:31.410] 03:Added new combatant 荒弾.  Job: 0 Level: 70 Max HP: 57250 Max MP: 12000.
[10:09:31.410] 03:Added new combatant 荒弾.  Job: 0 Level: 70 Max HP: 57250 Max MP: 12000.
[10:09:31.410] 03:Added new combatant 荒弾.  Job: 0 Level: 70 Max HP: 57250 Max MP: 12000.
[10:09:31.410] 03:Added new combatant 荒弾.  Job: 0 Level: 70 Max HP: 57250 Max MP: 12000.
[10:09:31.000] 00:282b:白虎の「風雷波動」
[10:09:33.387] 03:Added new combatant 荒弾.  Job: 0 Level: 70 Max HP: 57250 Max MP: 12000.
[10:09:33.387] 03:Added new combatant 荒弾.  Job: 0 Level: 70 Max HP: 57250 Max MP: 12000.
[10:09:33.387] 03:Added new combatant 荒弾.  Job: 0 Level: 70 Max HP: 57250 Max MP: 12000.
[10:09:33.387] 03:Added new combatant 荒弾.  Job: 0 Level: 70 Max HP: 57250 Max MP: 12000.
[10:09:33.000] 00:282b:白虎の「風雷波動」
[10:09:35.000] 00:0044:天つ風よ、吹き荒べ！
[10:09:35.377] 03:Added new combatant 荒弾.  Job: 0 Level: 70 Max HP: 57250 Max MP: 12000.
[10:09:35.377] 03:Added new combatant 荒弾.  Job: 0 Level: 70 Max HP: 57250 Max MP: 12000.
[10:09:35.377] 03:Added new combatant 荒弾.  Job: 0 Level: 70 Max HP: 57250 Max MP: 12000.
[10:09:35.377] 03:Added new combatant 荒弾.  Job: 0 Level: 70 Max HP: 57250 Max MP: 12000.
[10:09:36.000] 00:282b:白虎の「爆弾低気圧」
[10:09:37.444] 03:Added new combatant 荒弾.  Job: 0 Level: 70 Max HP: 57250 Max MP: 12000.
[10:09:37.444] 03:Added new combatant 荒弾.  Job: 0 Level: 70 Max HP: 57250 Max MP: 12000.
[10:09:37.444] 03:Added new combatant 荒弾.  Job: 0 Level: 70 Max HP: 57250 Max MP: 12000.
[10:09:37.444] 03:Added new combatant 荒弾.  Job: 0 Level: 70 Max HP: 57250 Max MP: 12000.
[10:09:39.655] 03:Added new combatant 荒弾.  Job: 0 Level: 70 Max HP: 57250 Max MP: 12000.
[10:09:39.655] 03:Added new combatant 荒弾.  Job: 0 Level: 70 Max HP: 57250 Max MP: 12000.
[10:09:39.655] 03:Added new combatant 荒弾.  Job: 0 Level: 70 Max HP: 57250 Max MP: 12000.
[10:09:39.655] 03:Added new combatant 荒弾.  Job: 0 Level: 70 Max HP: 57250 Max MP: 12000.
[10:09:41.603] 03:Added new combatant 荒弾.  Job: 0 Level: 70 Max HP: 57250 Max MP: 12000.
[10:09:41.603] 03:Added new combatant 荒弾.  Job: 0 Level: 70 Max HP: 57250 Max MP: 12000.
[10:09:41.603] 03:Added new combatant 荒弾.  Job: 0 Level: 70 Max HP: 57250 Max MP: 12000.
[10:09:41.603] 03:Added new combatant 荒弾.  Job: 0 Level: 70 Max HP: 57250 Max MP: 12000.
[10:09:42.000] 00:282b:白虎の「祟り風」
[10:09:43.813] 03:Added new combatant 荒弾.  Job: 0 Level: 70 Max HP: 57250 Max MP: 12000.
[10:09:43.813] 03:Added new combatant 荒弾.  Job: 0 Level: 70 Max HP: 57250 Max MP: 12000.
[10:09:43.813] 03:Added new combatant 荒弾.  Job: 0 Level: 70 Max HP: 57250 Max MP: 12000.
[10:09:43.813] 03:Added new combatant 荒弾.  Job: 0 Level: 70 Max HP: 57250 Max MP: 12000.
[10:09:45.733] 03:Added new combatant 荒弾.  Job: 0 Level: 70 Max HP: 57250 Max MP: 12000.
[10:09:45.733] 03:Added new combatant 荒弾.  Job: 0 Level: 70 Max HP: 57250 Max MP: 12000.
[10:09:45.733] 03:Added new combatant 荒弾.  Job: 0 Level: 70 Max HP: 57250 Max MP: 12000.
[10:09:45.733] 03:Added new combatant 荒弾.  Job: 0 Level: 70 Max HP: 57250 Max MP: 12000.
[10:09:46.000] 00:282b:白虎は「雷火一閃」を唱えた。
[10:09:47.537] 03:Added new combatant 荒弾.  Job: 0 Level: 70 Max HP: 57250 Max MP: 12000.
[10:09:47.537] 03:Added new combatant 荒弾.  Job: 0 Level: 70 Max HP: 57250 Max MP: 12000.
[10:09:47.537] 03:Added new combatant 荒弾.  Job: 0 Level: 70 Max HP: 57250 Max MP: 12000.
[10:09:47.537] 03:Added new combatant 荒弾.  Job: 0 Level: 70 Max HP: 57250 Max MP: 12000.
[10:09:49.631] 03:Added new combatant 荒弾.  Job: 0 Level: 70 Max HP: 57250 Max MP: 12000.
[10:09:49.631] 03:Added new combatant 荒弾.  Job: 0 Level: 70 Max HP: 57250 Max MP: 12000.
[10:09:49.631] 03:Added new combatant 荒弾.  Job: 0 Level: 70 Max HP: 57250 Max MP: 12000.
[10:09:49.631] 03:Added new combatant 荒弾.  Job: 0 Level: 70 Max HP: 57250 Max MP: 12000.
[10:09:51.000] 00:282b:白虎の「雷火一閃」
[10:09:51.733] 03:Added new combatant 荒弾.  Job: 0 Level: 70 Max HP: 57250 Max MP: 12000.
[10:09:51.733] 03:Added new combatant 荒弾.  Job: 0 Level: 70 Max HP: 57250 Max MP: 12000.
[10:09:51.733] 03:Added new combatant 荒弾.  Job: 0 Level: 70 Max HP: 57250 Max MP: 12000.
[10:09:51.733] 03:Added new combatant 荒弾.  Job: 0 Level: 70 Max HP: 57250 Max MP: 12000.
[10:09:55.000] 00:282b:白虎は「雷火一閃」を唱えた。
[10:10:00.000] 00:282b:白虎の「雷火一閃」
[10:10:04.000] 00:0044:駆けろ、我が半身ッ！ 歯向かう者どもに、牙と爪を突き立ててやれ！
[10:10:06.000] 00:282b:白虎の「半獣舞踏」
[10:10:21.000] 00:282b:白虎は「遠雷」を唱えた。
[10:10:24.000] 00:282b:白帝の「白帝衝」
[10:10:26.000] 00:282b:白帝は「雷火一閃」を唱えた。
[10:10:27.000] 00:282b:白虎の「遠雷」
[10:10:29.000] 00:282b:白虎は「遠雷」を唱えた。
[10:10:31.000] 00:282b:白帝の「雷火一閃」
[10:10:34.000] 00:282b:白帝は「雷火一閃」を唱えた。
[10:10:35.000] 00:282b:白虎の「遠雷」
[10:10:39.000] 00:282b:白帝の「雷火一閃」
[10:10:42.000] 00:282b:白虎は「天雷掌」の構え。
[10:10:46.000] 00:282b:白帝の「鉄爪斬」
[10:10:46.000] 00:282b:白虎の「天雷掌」
[10:10:54.000] 00:282b:白帝の「雷声」
[10:10:56.000] 00:282b:白帝は「雷轟」の構え。
[10:10:57.044] 03:Added new combatant 荒魂.  Job: 0 Level: 70 Max HP: 57250 Max MP: 12000.
[10:10:57.044] 03:Added new combatant 荒魂.  Job: 0 Level: 70 Max HP: 57250 Max MP: 12000.
[10:10:57.044] 03:Added new combatant 荒魂.  Job: 0 Level: 70 Max HP: 57250 Max MP: 12000.
[10:10:57.044] 03:Added new combatant 荒魂.  Job: 0 Level: 70 Max HP: 57250 Max MP: 12000.
[10:10:57.044] 03:Added new combatant 荒魂.  Job: 0 Level: 70 Max HP: 57250 Max MP: 12000.
[10:10:57.044] 03:Added new combatant 荒魂.  Job: 0 Level: 70 Max HP: 57250 Max MP: 12000.
[10:10:57.140] 03:Added new combatant 荒魂.  Job: 0 Level: 70 Max HP: 57250 Max MP: 12000.
[10:10:57.140] 03:Added new combatant 荒魂.  Job: 0 Level: 70 Max HP: 57250 Max MP: 12000.
[10:11:02.000] 00:282b:白虎は「風雷波動」を唱えた。
[10:11:06.000] 00:282b:白虎の「風雷波動」
[10:11:09.000] 00:282b:白虎の「風雷波動」
[10:11:16.000] 00:0044:さあ、余興は終いぞ！
[10:11:17.000] 00:282b:白帝の「雷轟」
[10:11:25.000] 00:282b:白虎は「雷火一閃」を唱えた。
[10:11:29.000] 00:282b:白虎の「雷火一閃」
[10:11:40.000] 00:282b:白虎は「風雷波動」を唱えた。
[10:11:44.000] 00:282b:白虎の「風雷波動」
[10:11:47.000] 00:282b:白虎の「風雷波動」
[10:11:54.000] 00:0044:天つ風よ、吹き荒べ！
[10:11:55.000] 00:282b:白虎の「爆弾低気圧」
[10:11:57.000] 00:282b:白虎の「天つ雷」
[10:11:58.000] 00:0044:天つ雷よ、焼き払え！
[10:12:01.000] 00:282b:白虎は「呪縛雷」の構え。
[10:12:05.000] 00:282b:白虎の「呪縛雷」
[10:12:06.000] 00:0044:捉えたぞ！　叩きのめしてくれるわ！
[10:12:07.819] 1B:99999999:Hojo Ring:0000:0000:003E:0000:0000:0000:
[10:12:07.000] 00:282b:白虎は「乾坤一擲」の構え。
[10:12:16.000] 00:282b:白虎の「呪縛雷」
[10:12:16.000] 00:0044:まだだッ！　これで終いと思うなよ！
[10:12:17.000] 00:282b:白虎は「乾坤一擲」の構え。
[10:12:25.000] 00:282b:白虎は「旋体脚」の構え。
[10:12:29.000] 00:282b:白虎の「旋体脚」
[10:12:39.000] 00:282b:白虎は「天雷掌」の構え。
[10:12:44.000] 00:282b:白虎の「天雷掌」
[10:12:49.000] 00:282b:白虎は「風雷波動」を唱えた。
[10:12:54.000] 00:282b:白虎の「風雷波動」
[10:12:56.000] 00:282b:白虎の「風雷波動」
[10:13:01.000] 00:282b:白虎は「遠雷」を唱えた。
[10:13:07.000] 00:282b:白虎の「遠雷」
[10:13:08.000] 00:282b:白虎は「天雷掌」の構え。
[10:13:13.000] 00:282b:白虎の「天雷掌」
[10:13:20.000] 00:0044:吹けよ、荒れよ、我がアラミタマ！
[10:13:22.000] 00:282b:白虎は「無間地獄」の構え。
[10:13:26.000] 00:282b:白虎の「無間地獄」
[10:13:27.000] 00:282b:白虎は「風雷波動」を唱えた。
[10:13:27.822] 03:Added new combatant 荒弾.  Job: 0 Level: 70 Max HP: 57250 Max MP: 12000.
[10:13:27.822] 03:Added new combatant 荒弾.  Job: 0 Level: 70 Max HP: 57250 Max MP: 12000.
[10:13:27.822] 03:Added new combatant 荒弾.  Job: 0 Level: 70 Max HP: 57250 Max MP: 12000.
[10:13:27.822] 03:Added new combatant 荒弾.  Job: 0 Level: 70 Max HP: 57250 Max MP: 12000.
[10:13:29.910] 03:Added new combatant 荒弾.  Job: 0 Level: 70 Max HP: 57250 Max MP: 12000.
[10:13:29.910] 03:Added new combatant 荒弾.  Job: 0 Level: 70 Max HP: 57250 Max MP: 12000.
[10:13:29.910] 03:Added new combatant 荒弾.  Job: 0 Level: 70 Max HP: 57250 Max MP: 12000.
[10:13:29.910] 03:Added new combatant 荒弾.  Job: 0 Level: 70 Max HP: 57250 Max MP: 12000.
[10:13:31.894] 03:Added new combatant 荒弾.  Job: 0 Level: 70 Max HP: 57250 Max MP: 12000.
[10:13:31.894] 03:Added new combatant 荒弾.  Job: 0 Level: 70 Max HP: 57250 Max MP: 12000.
[10:13:31.894] 03:Added new combatant 荒弾.  Job: 0 Level: 70 Max HP: 57250 Max MP: 12000.
[10:13:31.894] 03:Added new combatant 荒弾.  Job: 0 Level: 70 Max HP: 57250 Max MP: 12000.
[10:13:32.000] 00:282b:白虎の「風雷波動」
[10:13:33.998] 03:Added new combatant 荒弾.  Job: 0 Level: 70 Max HP: 57250 Max MP: 12000.
[10:13:33.998] 03:Added new combatant 荒弾.  Job: 0 Level: 70 Max HP: 57250 Max MP: 12000.
[10:13:33.998] 03:Added new combatant 荒弾.  Job: 0 Level: 70 Max HP: 57250 Max MP: 12000.
[10:13:33.998] 03:Added new combatant 荒弾.  Job: 0 Level: 70 Max HP: 57250 Max MP: 12000.
[10:13:34.000] 00:282b:白虎の「風雷波動」
[10:13:35.512] 03:Added new combatant 荒弾.  Job: 0 Level: 70 Max HP: 57250 Max MP: 12000.
[10:13:35.512] 03:Added new combatant 荒弾.  Job: 0 Level: 70 Max HP: 57250 Max MP: 12000.
[10:13:35.512] 03:Added new combatant 荒弾.  Job: 0 Level: 70 Max HP: 57250 Max MP: 12000.
[10:13:35.512] 03:Added new combatant 荒弾.  Job: 0 Level: 70 Max HP: 57250 Max MP: 12000.
[10:13:35.000] 00:0044:天つ風よ、吹き荒べ！
[10:13:36.000] 00:282b:白虎の「爆弾低気圧」
[10:13:37.543] 03:Added new combatant 荒弾.  Job: 0 Level: 70 Max HP: 57250 Max MP: 12000.
[10:13:37.543] 03:Added new combatant 荒弾.  Job: 0 Level: 70 Max HP: 57250 Max MP: 12000.
[10:13:37.543] 03:Added new combatant 荒弾.  Job: 0 Level: 70 Max HP: 57250 Max MP: 12000.
[10:13:37.543] 03:Added new combatant 荒弾.  Job: 0 Level: 70 Max HP: 57250 Max MP: 12000.
[10:13:39.672] 03:Added new combatant 荒弾.  Job: 0 Level: 70 Max HP: 57250 Max MP: 12000.
[10:13:39.672] 03:Added new combatant 荒弾.  Job: 0 Level: 70 Max HP: 57250 Max MP: 12000.
[10:13:39.672] 03:Added new combatant 荒弾.  Job: 0 Level: 70 Max HP: 57250 Max MP: 12000.
[10:13:39.672] 03:Added new combatant 荒弾.  Job: 0 Level: 70 Max HP: 57250 Max MP: 12000.
[10:13:41.890] 03:Added new combatant 荒弾.  Job: 0 Level: 70 Max HP: 57250 Max MP: 12000.
[10:13:41.890] 03:Added new combatant 荒弾.  Job: 0 Level: 70 Max HP: 57250 Max MP: 12000.
[10:13:41.890] 03:Added new combatant 荒弾.  Job: 0 Level: 70 Max HP: 57250 Max MP: 12000.
[10:13:41.890] 03:Added new combatant 荒弾.  Job: 0 Level: 70 Max HP: 57250 Max MP: 12000.
[10:13:42.000] 00:282b:白虎の「祟り風」
[10:13:43.767] 03:Added new combatant 荒弾.  Job: 0 Level: 70 Max HP: 57250 Max MP: 12000.
[10:13:43.767] 03:Added new combatant 荒弾.  Job: 0 Level: 70 Max HP: 57250 Max MP: 12000.
[10:13:43.767] 03:Added new combatant 荒弾.  Job: 0 Level: 70 Max HP: 57250 Max MP: 12000.
[10:13:43.767] 03:Added new combatant 荒弾.  Job: 0 Level: 70 Max HP: 57250 Max MP: 12000.
[10:13:46.000] 03:Added new combatant 荒弾.  Job: 0 Level: 70 Max HP: 57250 Max MP: 12000.
[10:13:46.000] 03:Added new combatant 荒弾.  Job: 0 Level: 70 Max HP: 57250 Max MP: 12000.
[10:13:46.000] 03:Added new combatant 荒弾.  Job: 0 Level: 70 Max HP: 57250 Max MP: 12000.
[10:13:46.000] 03:Added new combatant 荒弾.  Job: 0 Level: 70 Max HP: 57250 Max MP: 12000.
[10:13:47.000] 00:282b:白虎は「雷火一閃」を唱えた。
[10:13:47.966] 03:Added new combatant 荒弾.  Job: 0 Level: 70 Max HP: 57250 Max MP: 12000.
[10:13:47.966] 03:Added new combatant 荒弾.  Job: 0 Level: 70 Max HP: 57250 Max MP: 12000.
[10:13:47.966] 03:Added new combatant 荒弾.  Job: 0 Level: 70 Max HP: 57250 Max MP: 12000.
[10:13:47.966] 03:Added new combatant 荒弾.  Job: 0 Level: 70 Max HP: 57250 Max MP: 12000.
[10:13:50.070] 03:Added new combatant 荒弾.  Job: 0 Level: 70 Max HP: 57250 Max MP: 12000.
[10:13:50.070] 03:Added new combatant 荒弾.  Job: 0 Level: 70 Max HP: 57250 Max MP: 12000.
[10:13:50.070] 03:Added new combatant 荒弾.  Job: 0 Level: 70 Max HP: 57250 Max MP: 12000.
[10:13:50.070] 03:Added new combatant 荒弾.  Job: 0 Level: 70 Max HP: 57250 Max MP: 12000.
[10:13:51.000] 00:282b:白虎の「雷火一閃」
[10:13:52.050] 03:Added new combatant 荒弾.  Job: 0 Level: 70 Max HP: 57250 Max MP: 12000.
[10:13:52.050] 03:Added new combatant 荒弾.  Job: 0 Level: 70 Max HP: 57250 Max MP: 12000.
[10:13:52.050] 03:Added new combatant 荒弾.  Job: 0 Level: 70 Max HP: 57250 Max MP: 12000.
[10:13:52.149] 03:Added new combatant 荒弾.  Job: 0 Level: 70 Max HP: 57250 Max MP: 12000.
[10:13:56.000] 00:282b:白虎は「雷火一閃」を唱えた。
[10:14:00.000] 00:282b:白虎の「雷火一閃」
[10:14:11.000] 00:282b:白虎は「風雷波動」を唱えた。
[10:14:15.000] 00:282b:白虎の「風雷波動」
[10:14:18.000] 00:282b:白虎の「風雷波動」
[10:14:19.000] 00:0044:この力……やはり、本物か！？
[10:14:23.000] 00:0044:天つ雷よ、焼き払え！
[10:14:24.000] 00:282b:白虎の「天つ雷」
[10:14:25.000] 00:282b:白虎は「呪縛雷」の構え。
[10:14:30.000] 00:282b:白虎の「呪縛雷」
[10:14:30.000] 00:0044:捉えたぞ！　叩きのめしてくれるわ！
[10:14:31.995] 1B:99999999:Hojo Ring:0000:0000:003E:0000:0000:0000:
[10:14:32.000] 00:282b:白虎は「乾坤一擲」の構え。
[10:14:40.000] 00:0044:まだだッ！　これで終いと思うなよ！
[10:14:40.000] 00:282b:白虎の「呪縛雷」
[10:14:42.115] 1B:99999999:Hojo Ring:0000:0000:003E:0000:0000:0000:
[10:14:41.000] 00:282b:白虎は「乾坤一擲」の構え。
[10:14:49.000] 00:282b:白虎は「旋体脚」の構え。
[10:14:54.000] 00:282b:白虎の「旋体脚」
[10:15:04.000] 00:0044:塵芥と消えるがよい！
[10:15:04.000] 00:282b:白虎は「風雷波動」を唱えた。
[10:15:11.000] 00:0839:ロットを行ってください。
